2012/08/13 09:25:51 [error] [exception.CDbException] exception 'CDbException' with message 'CDbConnection failed to open the DB connection: SQLSTATE[28000] [1045] Access denied for user 'root'@'localhost' (using password: NO)' in C:\Wamp2\www\yii\framework\db\CDbConnection.php:382
Stack trace:
#0 C:\Wamp2\www\yii\framework\db\CDbConnection.php(331): CDbConnection->open()
#1 C:\Wamp2\www\yii\framework\db\CDbConnection.php(309): CDbConnection->setActive(true)
#2 C:\Wamp2\www\yii\framework\base\CModule.php(388): CDbConnection->init()
#3 C:\Wamp2\www\yii\framework\base\CModule.php(104): CModule->getComponent('db')
#4 C:\Wamp2\www\yii\framework\gii\generators\model\ModelCode.php(56): CModule->__get('db')
#5 C:\Wamp2\www\yii\framework\web\CFormModel.php(40): ModelCode->init()
#6 C:\Wamp2\www\yii\framework\gii\CCodeGenerator.php(154): CFormModel->__construct()
#7 C:\Wamp2\www\yii\framework\gii\CCodeGenerator.php(64): CCodeGenerator->prepare()
#8 C:\Wamp2\www\yii\framework\web\actions\CInlineAction.php(50): CCodeGenerator->actionIndex()
#9 C:\Wamp2\www\yii\framework\web\CController.php(309): CInlineAction->runWithParams(Array)
#10 C:\Wamp2\www\yii\framework\web\CController.php(287): CController->runAction(Object(CInlineAction))
#11 C:\Wamp2\www\yii\framework\web\CController.php(266): CController->runActionWithFilters(Object(CInlineAction), Array)
#12 C:\Wamp2\www\yii\framework\web\CWebApplication.php(283): CController->run('')
#13 C:\Wamp2\www\yii\framework\web\CWebApplication.php(142): CWebApplication->runController('gii/model')
#14 C:\Wamp2\www\yii\framework\base\CApplication.php(162): CWebApplication->processRequest()
#15 C:\Wamp2\www\leaveAgift\index.php(13): CApplication->run()
#16 {main}
REQUEST_URI=/leaveAGift/index.php?r=gii/model
HTTP_REFERER=http://localhost:4040/leaveAGift/index.php?r=gii/default/index
---
2012/08/20 06:15:27 [error] [exception.CHttpException.404] exception 'CHttpException' with message 'The system is unable to find the requested action "friends".' in C:\Wamp2\www\yii\framework\web\CController.php:484
Stack trace:
#0 C:\Wamp2\www\yii\framework\web\CController.php(271): CController->missingAction('friends')
#1 C:\Wamp2\www\yii\framework\web\CWebApplication.php(283): CController->run('friends')
#2 C:\Wamp2\www\yii\framework\web\CWebApplication.php(142): CWebApplication->runController('site/friends')
#3 C:\Wamp2\www\yii\framework\base\CApplication.php(162): CWebApplication->processRequest()
#4 C:\Wamp2\www\leaveAgift\index.php(13): CApplication->run()
#5 {main}
REQUEST_URI=/leaveagift/index.php?r=site/friends
HTTP_REFERER=http://localhost:4040/leaveagift/index.php
---
2012/08/20 06:15:31 [error] [exception.CHttpException.404] exception 'CHttpException' with message 'The system is unable to find the requested action "friends".' in C:\Wamp2\www\yii\framework\web\CController.php:484
Stack trace:
#0 C:\Wamp2\www\yii\framework\web\CController.php(271): CController->missingAction('friends')
#1 C:\Wamp2\www\yii\framework\web\CWebApplication.php(283): CController->run('friends')
#2 C:\Wamp2\www\yii\framework\web\CWebApplication.php(142): CWebApplication->runController('site/friends')
#3 C:\Wamp2\www\yii\framework\base\CApplication.php(162): CWebApplication->processRequest()
#4 C:\Wamp2\www\leaveAgift\index.php(13): CApplication->run()
#5 {main}
REQUEST_URI=/leaveagift/index.php?r=site/friends
HTTP_REFERER=http://localhost:4040/leaveagift/index.php?r=site/friends
---
2012/08/20 06:17:24 [error] [php] Undefined variable: model (C:\Wamp2\www\leaveAgift\protected\views\site\friends.php:38)
Stack trace:
#0 C:\Wamp2\www\yii\framework\web\CController.php(870): SiteController->renderFile()
#1 C:\Wamp2\www\yii\framework\web\CController.php(783): SiteController->renderPartial()
#2 C:\Wamp2\www\leaveAgift\protected\controllers\SiteController.php(117): SiteController->render()
#3 C:\Wamp2\www\yii\framework\web\actions\CInlineAction.php(50): SiteController->actionFriends()
#4 C:\Wamp2\www\yii\framework\web\CController.php(309): CInlineAction->runWithParams()
#5 C:\Wamp2\www\yii\framework\web\CController.php(287): SiteController->runAction()
#6 C:\Wamp2\www\yii\framework\web\CController.php(266): SiteController->runActionWithFilters()
#7 C:\Wamp2\www\yii\framework\web\CWebApplication.php(283): SiteController->run()
#8 C:\Wamp2\www\yii\framework\web\CWebApplication.php(142): CWebApplication->runController()
#9 C:\Wamp2\www\yii\framework\base\CApplication.php(162): CWebApplication->processRequest()
#10 C:\Wamp2\www\leaveAgift\index.php(13): CWebApplication->run()
REQUEST_URI=/leaveagift/index.php?r=site/friends
in C:\Wamp2\www\leaveAgift\protected\views\site\friends.php (38)
in C:\Wamp2\www\leaveAgift\protected\controllers\SiteController.php (117)
in C:\Wamp2\www\leaveAgift\index.php (13)
2012/08/20 06:17:33 [error] [php] Undefined variable: model (C:\Wamp2\www\leaveAgift\protected\views\site\friends.php:38)
Stack trace:
#0 C:\Wamp2\www\yii\framework\web\CController.php(870): SiteController->renderFile()
#1 C:\Wamp2\www\yii\framework\web\CController.php(783): SiteController->renderPartial()
#2 C:\Wamp2\www\leaveAgift\protected\controllers\SiteController.php(117): SiteController->render()
#3 C:\Wamp2\www\yii\framework\web\actions\CInlineAction.php(50): SiteController->actionFriends()
#4 C:\Wamp2\www\yii\framework\web\CController.php(309): CInlineAction->runWithParams()
#5 C:\Wamp2\www\yii\framework\web\CController.php(287): SiteController->runAction()
#6 C:\Wamp2\www\yii\framework\web\CController.php(266): SiteController->runActionWithFilters()
#7 C:\Wamp2\www\yii\framework\web\CWebApplication.php(283): SiteController->run()
#8 C:\Wamp2\www\yii\framework\web\CWebApplication.php(142): CWebApplication->runController()
#9 C:\Wamp2\www\yii\framework\base\CApplication.php(162): CWebApplication->processRequest()
#10 C:\Wamp2\www\leaveAgift\index.php(13): CWebApplication->run()
REQUEST_URI=/leaveagift/index.php?r=site/friends
in C:\Wamp2\www\leaveAgift\protected\views\site\friends.php (38)
in C:\Wamp2\www\leaveAgift\protected\controllers\SiteController.php (117)
in C:\Wamp2\www\leaveAgift\index.php (13)
2012/08/20 08:00:35 [error] [exception.CException] exception 'CException' with message 'SiteController contains improperly nested widget tags in its view "C:\Wamp2\www\leaveAgift\protected\views\site\index.php". A CActiveForm widget does not have an endWidget() call.' in C:\Wamp2\www\yii\framework\web\CBaseController.php:102
Stack trace:
#0 C:\Wamp2\www\yii\framework\web\CController.php(870): CBaseController->renderFile('C:\Wamp2\www\le...', NULL, true)
#1 C:\Wamp2\www\yii\framework\web\CController.php(783): CController->renderPartial('index', NULL, true)
#2 C:\Wamp2\www\leaveAgift\protected\controllers\SiteController.php(32): CController->render('index')
#3 C:\Wamp2\www\yii\framework\web\actions\CInlineAction.php(50): SiteController->actionIndex()
#4 C:\Wamp2\www\yii\framework\web\CController.php(309): CInlineAction->runWithParams(Array)
#5 C:\Wamp2\www\yii\framework\web\CController.php(287): CController->runAction(Object(CInlineAction))
#6 C:\Wamp2\www\yii\framework\web\CController.php(266): CController->runActionWithFilters(Object(CInlineAction), Array)
#7 C:\Wamp2\www\yii\framework\web\CWebApplication.php(283): CController->run('')
#8 C:\Wamp2\www\yii\framework\web\CWebApplication.php(142): CWebApplication->runController('')
#9 C:\Wamp2\www\yii\framework\base\CApplication.php(162): CWebApplication->processRequest()
#10 C:\Wamp2\www\leaveAgift\index.php(13): CApplication->run()
#11 {main}
REQUEST_URI=/leaveagift/index.php
---
2012/08/20 09:49:06 [error] [exception.CHttpException.404] exception 'CHttpException' with message 'The system is unable to find the requested action "user".' in C:\Wamp2\www\yii\framework\web\CController.php:484
Stack trace:
#0 C:\Wamp2\www\yii\framework\web\CController.php(271): CController->missingAction('user')
#1 C:\Wamp2\www\yii\framework\web\CWebApplication.php(283): CController->run('user')
#2 C:\Wamp2\www\yii\framework\web\CWebApplication.php(142): CWebApplication->runController('site/user')
#3 C:\Wamp2\www\yii\framework\base\CApplication.php(162): CWebApplication->processRequest()
#4 C:\Wamp2\www\leaveAgift\index.php(13): CApplication->run()
#5 {main}
REQUEST_URI=/leaveagift/index.php?r=site/user
---
